c:\giovanni\neuralmapper\c++\neuview_4-2-2\release\vc142.pdb
c:\giovanni\neuralmapper\c++\neuview_4-2-2\release\okfrontpaneldll.obj
c:\giovanni\neuralmapper\c++\neuview_4-2-2\release\mainframe.obj
c:\giovanni\neuralmapper\c++\neuview_4-2-2\release\main.obj
c:\giovanni\neuralmapper\c++\neuview_4-2-2\release\logo.obj
c:\giovanni\neuralmapper\c++\neuview_4-2-2\release\logging.obj
c:\giovanni\neuralmapper\c++\neuview_4-2-2\release\i2c.obj
c:\giovanni\neuralmapper\c++\neuview_4-2-2\release\graphicsinformation.obj
c:\giovanni\neuralmapper\c++\neuview_4-2-2\release\graphicsimagecanvas.obj
c:\giovanni\neuralmapper\c++\neuview_4-2-2\release\graphicsimage.obj
c:\giovanni\neuralmapper\c++\neuview_4-2-2\release\deviceinterface.obj
c:\giovanni\neuralmapper\c++\neuview_4-2-2\release\deviceevent.obj
c:\giovanni\neuralmapper\c++\neuview_4-2-2\release\devicecontroller.obj
c:\giovanni\neuralmapper\c++\neuview_4-2-2\release\controlled.obj
c:\giovanni\neuralmapper\c++\neuview_4-2-2\release\controlcapture.obj
c:\giovanni\neuralmapper\c++\neuview_4-2-2\release\controlcamera.obj
c:\giovanni\neuralmapper\c++\neuview_4-2-2\release\neuview.exe
c:\giovanni\neuralmapper\c++\neuview_4-2-2\release\neuview.pdb
c:\giovanni\neuralmapper\c++\neuview_4-2-2\release\neuview.tlog\cl.command.1.tlog
c:\giovanni\neuralmapper\c++\neuview_4-2-2\release\neuview.tlog\cl.read.1.tlog
c:\giovanni\neuralmapper\c++\neuview_4-2-2\release\neuview.tlog\cl.write.1.tlog
c:\giovanni\neuralmapper\c++\neuview_4-2-2\release\neuview.tlog\link.command.1.tlog
c:\giovanni\neuralmapper\c++\neuview_4-2-2\release\neuview.tlog\link.delete.1.tlog
c:\giovanni\neuralmapper\c++\neuview_4-2-2\release\neuview.tlog\link.read.1.tlog
c:\giovanni\neuralmapper\c++\neuview_4-2-2\release\neuview.tlog\link.write.1.tlog
